<?xml version="1.0" encoding="UTF-8"?>
<testng-results ignored="0" total="1" passed="1" failed="0" skipped="0">
  <reporter-output>
  </reporter-output>
  <suite started-at="2024-02-22T11:43:35 IST" name="Default suite" finished-at="2024-02-22T11:43:47 IST" duration-ms="12183">
    <groups>
    </groups>
    <test started-at="2024-02-22T11:43:35 IST" name="Default test" finished-at="2024-02-22T11:43:47 IST" duration-ms="12183">
      <class name="electronics.DWS_Electronics_002Test">
        <test-method is-config="true" signature="configReport()[pri:0, instance:electronics.DWS_Electronics_002Test@31304f14]" started-at="2024-02-22T11:43:35 IST" name="configReport" finished-at="2024-02-22T11:43:35 IST" duration-ms="205" status="PASS">
          <reporter-output>
          </reporter-output>
        </test-method> <!-- configReport -->
        <test-method is-config="true" signature="LaunchBrowser(java.lang.String)[pri:0, instance:electronics.DWS_Electronics_002Test@31304f14]" started-at="2024-02-22T11:43:35 IST" name="LaunchBrowser" finished-at="2024-02-22T11:43:40 IST" duration-ms="4624" status="PASS">
          <params>
            <param index="0">
              <value>
                <![CDATA[chrome]]>
              </value>
            </param>
          </params>
          <reporter-output>
          </reporter-output>
        </test-method> <!-- LaunchBrowser -->
        <test-method is-config="true" signature="login(java.lang.reflect.Method)[pri:0, instance:electronics.DWS_Electronics_002Test@31304f14]" started-at="2024-02-22T11:43:40 IST" name="login" finished-at="2024-02-22T11:43:42 IST" duration-ms="2448" status="PASS">
          <params>
            <param index="0">
              <value>
                <![CDATA[public void electronics.DWS_Electronics_002Test.clickElectronics() throws org.apache.poi.EncryptedDocumentException,java.io.IOException]]>
              </value>
            </param>
          </params>
          <reporter-output>
          </reporter-output>
        </test-method> <!-- login -->
        <test-method signature="clickElectronics()[pri:0, instance:electronics.DWS_Electronics_002Test@31304f14]" started-at="2024-02-22T11:43:42 IST" name="clickElectronics" finished-at="2024-02-22T11:43:46 IST" duration-ms="3947" status="PASS">
          <reporter-output>
          </reporter-output>
        </test-method> <!-- clickElectronics -->
        <test-method is-config="true" signature="logout()[pri:0, instance:electronics.DWS_Electronics_002Test@31304f14]" started-at="2024-02-22T11:43:46 IST" name="logout" finished-at="2024-02-22T11:43:47 IST" duration-ms="963" status="PASS">
          <reporter-output>
          </reporter-output>
        </test-method> <!-- logout -->
        <test-method is-config="true" signature="close()[pri:0, instance:electronics.DWS_Electronics_002Test@31304f14]" started-at="2024-02-22T11:43:47 IST" name="close" finished-at="2024-02-22T11:43:47 IST" duration-ms="169" status="PASS">
          <reporter-output>
          </reporter-output>
        </test-method> <!-- close -->
        <test-method is-config="true" signature="Backup()[pri:0, instance:electronics.DWS_Electronics_002Test@31304f14]" started-at="2024-02-22T11:43:47 IST" name="Backup" finished-at="2024-02-22T11:43:48 IST" duration-ms="245" status="PASS">
          <reporter-output>
          </reporter-output>
        </test-method> <!-- Backup -->
      </class> <!-- electronics.DWS_Electronics_002Test -->
    </test> <!-- Default test -->
  </suite> <!-- Default suite -->
</testng-results>
